c:\users\thomas\documents\programacion\k2w\kinectprocessing\kinectlib_v2.0_0.4\kinectlib_v2.0\x64\release\kinectpv2.pch.codeanalysis
c:\users\thomas\documents\programacion\k2w\kinectprocessing\kinectlib_v2.0_0.4\kinectlib_v2.0\x64\release\kinectpv2.pch.codeanalysisast
c:\users\thomas\documents\programacion\k2w\kinectprocessing\kinectlib_v2.0_0.4\kinectlib_v2.0\x64\release\stdafx.cpp.nativecodeanalysis.xml
c:\users\thomas\documents\programacion\k2w\kinectprocessing\kinectlib_v2.0_0.4\kinectlib_v2.0\x64\release\stdafx.obj
c:\users\thomas\documents\programacion\k2w\kinectprocessing\kinectlib_v2.0_0.4\kinectlib_v2.0\x64\release\vc110.pdb
c:\users\thomas\documents\programacion\k2w\kinectprocessing\kinectlib_v2.0_0.4\kinectlib_v2.0\x64\release\dllmain.cpp.nativecodeanalysis.xml
c:\users\thomas\documents\programacion\k2w\kinectprocessing\kinectlib_v2.0_0.4\kinectlib_v2.0\x64\release\dllmain.obj
c:\users\thomas\documents\programacion\k2w\kinectprocessing\kinectlib_v2.0_0.4\kinectlib_v2.0\x64\release\kinectlib_v2.0.cpp.nativecodeanalysis.xml
c:\users\thomas\documents\programacion\k2w\kinectprocessing\kinectlib_v2.0_0.4\kinectlib_v2.0\x64\release\kinectlib_v2.0.obj
c:\users\thomas\documents\programacion\k2w\kinectprocessing\kinectlib_v2.0_0.4\kinectlib_v2.0\x64\release\kinectv2_jni_device.cpp.nativecodeanalysis.xml
c:\users\thomas\documents\programacion\k2w\kinectprocessing\kinectlib_v2.0_0.4\kinectlib_v2.0\x64\release\kinectv2_jni_device.obj
c:\users\thomas\documents\programacion\k2w\kinectprocessing\kinectlib_v2.0_0.4\kinectlib_v2.0\x64\release\kinectpv2.cpp.nativecodeanalysis.xml
c:\users\thomas\documents\programacion\k2w\kinectprocessing\kinectlib_v2.0_0.4\kinectlib_v2.0\x64\release\kinectpv2.obj
c:\users\thomas\documents\programacion\java\workspace\kinectpv2\lib\kinectpv2.lib
c:\users\thomas\documents\programacion\java\workspace\kinectpv2\lib\kinectpv2.exp
c:\users\thomas\documents\programacion\java\workspace\kinectpv2\lib\kinectpv2.dll
c:\users\thomas\documents\programacion\java\workspace\kinectpv2\lib\kinectpv2.pdb
c:\users\thomas\documents\programacion\k2w\kinectprocessing\kinectlib_v2.0_0.4\kinectlib_v2.0\x64\release\cl.command.1.tlog
c:\users\thomas\documents\programacion\k2w\kinectprocessing\kinectlib_v2.0_0.4\kinectlib_v2.0\x64\release\cl.read.1.tlog
c:\users\thomas\documents\programacion\k2w\kinectprocessing\kinectlib_v2.0_0.4\kinectlib_v2.0\x64\release\cl.write.1.tlog
c:\users\thomas\documents\programacion\k2w\kinectprocessing\kinectlib_v2.0_0.4\kinectlib_v2.0\x64\release\kinectpv2.write.1.tlog
c:\users\thomas\documents\programacion\k2w\kinectprocessing\kinectlib_v2.0_0.4\kinectlib_v2.0\x64\release\link-cvtres.read.1.tlog
c:\users\thomas\documents\programacion\k2w\kinectprocessing\kinectlib_v2.0_0.4\kinectlib_v2.0\x64\release\link-cvtres.write.1.tlog
c:\users\thomas\documents\programacion\k2w\kinectprocessing\kinectlib_v2.0_0.4\kinectlib_v2.0\x64\release\link-rc.read.1.tlog
c:\users\thomas\documents\programacion\k2w\kinectprocessing\kinectlib_v2.0_0.4\kinectlib_v2.0\x64\release\link-rc.write.1.tlog
c:\users\thomas\documents\programacion\k2w\kinectprocessing\kinectlib_v2.0_0.4\kinectlib_v2.0\x64\release\link.command.1.tlog
c:\users\thomas\documents\programacion\k2w\kinectprocessing\kinectlib_v2.0_0.4\kinectlib_v2.0\x64\release\link.read.1.tlog
c:\users\thomas\documents\programacion\k2w\kinectprocessing\kinectlib_v2.0_0.4\kinectlib_v2.0\x64\release\link.write.1.tlog
c:\users\thomas\documents\programacion\k2w\kinectprocessing\kinectlib_v2.0_0.4\kinectlib_v2.0\x64\release\nativecodeanalysis.read.1.tlog
c:\users\thomas\documents\programacion\k2w\kinectprocessing\kinectlib_v2.0_0.4\kinectlib_v2.0\x64\release\vc.nativecodeanalysis.all.xml
c:\users\thomas\documents\programacion\java\workspace\kinectpv2\lib\kinectpv2.dll.lastcodeanalysissucceeded
