C:\Program Files (x86)\MSBuild\Microsoft.Cpp\v4.0\V110\Microsoft.CppBuild.targets(346,5): warning MSB8004: Output Directory does not end with a trailing slash.  This build instance will add the slash as it is required to allow proper evaluation of the Output Directory.
  stdafx.cpp
  dllmain.cpp
  KinectLib_V2.0.cpp
  KinectV2_JNI_Device.cpp
c:\users\tom\documents\programacion\k2w\build\build\vc2012\kinectlib_v2.0\KinectPV2.h(268): warning C4244: '=' : conversion from 'int' to 'float', possible loss of data
c:\users\tom\documents\programacion\k2w\build\build\vc2012\kinectlib_v2.0\KinectPV2.h(269): warning C4244: 'return' : conversion from 'float' to 'int', possible loss of data
c:\users\tom\documents\programacion\k2w\build\build\vc2012\kinectlib_v2.0\KinectPV2.h(272): warning C4244: '=' : conversion from 'int' to 'float', possible loss of data
c:\users\tom\documents\programacion\k2w\build\build\vc2012\kinectlib_v2.0\KinectPV2.h(273): warning C4244: 'return' : conversion from 'float' to 'int', possible loss of data
KinectV2_JNI_Device.cpp(117): warning C4800: 'jboolean' : forcing value to bool 'true' or 'false' (performance warning)
KinectV2_JNI_Device.cpp(132): warning C4800: 'jboolean' : forcing value to bool 'true' or 'false' (performance warning)
KinectV2_JNI_Device.cpp(147): warning C4800: 'jboolean' : forcing value to bool 'true' or 'false' (performance warning)
KinectV2_JNI_Device.cpp(162): warning C4800: 'jboolean' : forcing value to bool 'true' or 'false' (performance warning)
KinectV2_JNI_Device.cpp(177): warning C4800: 'jboolean' : forcing value to bool 'true' or 'false' (performance warning)
KinectV2_JNI_Device.cpp(192): warning C4800: 'jboolean' : forcing value to bool 'true' or 'false' (performance warning)
KinectV2_JNI_Device.cpp(208): warning C4800: 'jboolean' : forcing value to bool 'true' or 'false' (performance warning)
KinectV2_JNI_Device.cpp(209): warning C4800: 'jboolean' : forcing value to bool 'true' or 'false' (performance warning)
KinectV2_JNI_Device.cpp(225): warning C4800: 'jboolean' : forcing value to bool 'true' or 'false' (performance warning)
KinectV2_JNI_Device.cpp(226): warning C4800: 'jboolean' : forcing value to bool 'true' or 'false' (performance warning)
KinectV2_JNI_Device.cpp(242): warning C4800: 'jboolean' : forcing value to bool 'true' or 'false' (performance warning)
KinectV2_JNI_Device.cpp(243): warning C4800: 'jboolean' : forcing value to bool 'true' or 'false' (performance warning)
KinectV2_JNI_Device.cpp(259): warning C4800: 'jboolean' : forcing value to bool 'true' or 'false' (performance warning)
KinectV2_JNI_Device.cpp(260): warning C4800: 'jboolean' : forcing value to bool 'true' or 'false' (performance warning)
KinectV2_JNI_Device.cpp(275): warning C4800: 'jboolean' : forcing value to bool 'true' or 'false' (performance warning)
KinectV2_JNI_Device.cpp(276): warning C4800: 'jboolean' : forcing value to bool 'true' or 'false' (performance warning)
KinectV2_JNI_Device.cpp(286): warning C4800: 'jboolean' : forcing value to bool 'true' or 'false' (performance warning)
KinectV2_JNI_Device.cpp(559): warning C4800: 'jboolean' : forcing value to bool 'true' or 'false' (performance warning)
KinectV2_JNI_Device.cpp(648): warning C4244: 'initializing' : conversion from 'int' to 'float', possible loss of data
KinectV2_JNI_Device.cpp(694): warning C4800: 'jint' : forcing value to bool 'true' or 'false' (performance warning)
  KinectPV2.cpp
c:\users\tom\documents\programacion\k2w\build\build\vc2012\kinectlib_v2.0\KinectPV2.h(268): warning C4244: '=' : conversion from 'int' to 'float', possible loss of data
c:\users\tom\documents\programacion\k2w\build\build\vc2012\kinectlib_v2.0\KinectPV2.h(269): warning C4244: 'return' : conversion from 'float' to 'int', possible loss of data
c:\users\tom\documents\programacion\k2w\build\build\vc2012\kinectlib_v2.0\KinectPV2.h(272): warning C4244: '=' : conversion from 'int' to 'float', possible loss of data
c:\users\tom\documents\programacion\k2w\build\build\vc2012\kinectlib_v2.0\KinectPV2.h(273): warning C4244: 'return' : conversion from 'float' to 'int', possible loss of data
KinectPV2.cpp(320): warning C4305: 'return' : truncation from 'int' to 'bool'
KinectPV2.cpp(327): warning C4305: 'return' : truncation from 'int' to 'bool'
KinectPV2.cpp(694): warning C4244: '=' : conversion from 'double' to 'float', possible loss of data
KinectPV2.cpp(695): warning C4244: '=' : conversion from 'double' to 'float', possible loss of data
KinectPV2.cpp(696): warning C4244: '=' : conversion from 'double' to 'float', possible loss of data
KinectPV2.cpp(1329): warning C4244: '=' : conversion from 'INT32' to 'float', possible loss of data
KinectPV2.cpp(1330): warning C4244: '=' : conversion from 'INT32' to 'float', possible loss of data
KinectPV2.cpp(1331): warning C4244: '=' : conversion from 'INT32' to 'float', possible loss of data
KinectPV2.cpp(1332): warning C4244: '=' : conversion from 'INT32' to 'float', possible loss of data
KinectPV2.cpp(1334): warning C4244: '=' : conversion from 'INT32' to 'float', possible loss of data
KinectPV2.cpp(1335): warning C4244: '=' : conversion from 'INT32' to 'float', possible loss of data
KinectPV2.cpp(1336): warning C4244: '=' : conversion from 'INT32' to 'float', possible loss of data
KinectPV2.cpp(1337): warning C4244: '=' : conversion from 'INT32' to 'float', possible loss of data
KinectPV2.cpp(1342): warning C4244: '=' : conversion from 'int' to 'float', possible loss of data
KinectPV2.cpp(1343): warning C4244: '=' : conversion from 'int' to 'float', possible loss of data
KinectPV2.cpp(1344): warning C4244: '=' : conversion from 'int' to 'float', possible loss of data
KinectPV2.cpp(1346): warning C4244: '=' : conversion from 'int' to 'float', possible loss of data
KinectPV2.cpp(1347): warning C4244: '=' : conversion from 'int' to 'float', possible loss of data
KinectPV2.cpp(1348): warning C4244: '=' : conversion from 'int' to 'float', possible loss of data
KinectPV2.cpp(1510): warning C4244: '=' : conversion from 'HandState' to 'float', possible loss of data
KinectPV2.cpp(1512): warning C4244: '=' : conversion from 'HandState' to 'float', possible loss of data
KinectPV2.cpp(1514): warning C4244: '=' : conversion from 'TrackingState' to 'float', possible loss of data
KinectPV2.cpp(1515): warning C4244: '=' : conversion from 'JointType' to 'float', possible loss of data
KinectPV2.cpp(1568): warning C4244: '=' : conversion from 'HandState' to 'float', possible loss of data
KinectPV2.cpp(1570): warning C4244: '=' : conversion from 'HandState' to 'float', possible loss of data
KinectPV2.cpp(1572): warning C4244: '=' : conversion from 'TrackingState' to 'float', possible loss of data
KinectPV2.cpp(1573): warning C4244: '=' : conversion from 'JointType' to 'float', possible loss of data
KinectPV2.cpp(1629): warning C4244: '=' : conversion from 'HandState' to 'float', possible loss of data
KinectPV2.cpp(1632): warning C4244: '=' : conversion from 'HandState' to 'float', possible loss of data
KinectPV2.cpp(1634): warning C4244: '=' : conversion from 'TrackingState' to 'float', possible loss of data
KinectPV2.cpp(1635): warning C4244: '=' : conversion from 'JointType' to 'float', possible loss of data
KinectPV2.cpp(1779): warning C4018: '<' : signed/unsigned mismatch
KinectPV2.cpp(1829): warning C4172: returning address of local variable or temporary
KinectPV2.cpp(1842): warning C4172: returning address of local variable or temporary
     Creating library ..\..\Eclipse\lib\KinectPV2.lib and object ..\..\Eclipse\lib\KinectPV2.exp
  Generating code
  Finished generating code
  KinectLib_V2.0.vcxproj -> C:\Users\tom\Documents\Programacion\K2W\Build\Build\vc2012\KinectLib_V2.0\..\..\Eclipse\lib\KinectPV2.dll
